[1/51] Building C object CMakeFiles/3rd-strike.dir/src/ctr/main.o
[2/51] Building C object CMakeFiles/3rd-strike.dir/src/ctr/pspshim.o
[3/51] Building C object CMakeFiles/3rd-strike.dir/src/ctr/save.o
[4/51] Building C object CMakeFiles/3rd-strike.dir/src/psp/adx.o
[5/51] Building C object CMakeFiles/3rd-strike.dir/src/psp/afs.o
[6/51] Building C object CMakeFiles/3rd-strike.dir/src/psp/files.o
[7/51] Building C object CMakeFiles/3rd-strike.dir/src/psp/MemMan.o
[8/51] Building C object CMakeFiles/3rd-strike.dir/src/common/audio.o
[9/51] Building C object CMakeFiles/3rd-strike.dir/src/common/math.o
[10/51] Building C object CMakeFiles/3rd-strike.dir/src/common/sprites.o
[11/51] Building C object CMakeFiles/3rd-strike.dir/src/Game/AcrUtil.o
[12/51] Building C object CMakeFiles/3rd-strike.dir/src/psp/fl.o
[13/51] Building C object CMakeFiles/3rd-strike.dir/src/psp/flps2etc.o
[14/51] Building C object CMakeFiles/3rd-strike.dir/src/common/graphics.o
[15/51] Building C object CMakeFiles/3rd-strike.dir/src/Game/DC_Ghost.o
[16/51] Building C object CMakeFiles/3rd-strike.dir/src/Game/DEMO00.o
[17/51] Building C object CMakeFiles/3rd-strike.dir/src/Game/DEMO01.o
[18/51] Building C object CMakeFiles/3rd-strike.dir/src/Game/EFF00.o
[19/51] Building C object CMakeFiles/3rd-strike.dir/src/Game/IOConv.o
[20/51] Building C object CMakeFiles/3rd-strike.dir/src/psp/PPGFile.o
[21/51] Building C object CMakeFiles/3rd-strike.dir/src/Game/EFFECT.o
[22/51] Building C object CMakeFiles/3rd-strike.dir/src/Game/GD3rd.o
[23/51] Building C object CMakeFiles/3rd-strike.dir/src/Game/RAMCNT.o
[24/51] Building C object CMakeFiles/3rd-strike.dir/src/Game/effe9.o
[25/51] Building C object CMakeFiles/3rd-strike.dir/src/Game/Com_Pl.o
[26/51] Building C object CMakeFiles/3rd-strike.dir/src/Game/Entry.o
[27/51] Building C object CMakeFiles/3rd-strike.dir/src/Game/Game.o
[28/51] Building C object CMakeFiles/3rd-strike.dir/src/Game/aboutspr.o
[29/51] Building C object CMakeFiles/3rd-strike.dir/src/Game/end_20.o
[30/51] Building C object CMakeFiles/3rd-strike.dir/src/Game/init3rd.o
[31/51] Building C object CMakeFiles/3rd-strike.dir/src/Game/main.o
[32/51] Building C object CMakeFiles/3rd-strike.dir/src/Game/op_sub.o
[33/51] Building C object CMakeFiles/3rd-strike.dir/src/Game/bg_sub.o
[34/51] Building C object CMakeFiles/3rd-strike.dir/src/Game/color3rd.o
[35/51] Building C object CMakeFiles/3rd-strike.dir/src/Game/texgroup.o
[36/51] Building C object CMakeFiles/3rd-strike.dir/src/Game/texcash.o
[37/51] Building C object CMakeFiles/3rd-strike.dir/src/AcrSDK/common/mlPAD.o
[38/51] Building C object CMakeFiles/3rd-strike.dir/src/Game/debug/Debug.o
[39/51] Building C object CMakeFiles/3rd-strike.dir/src/Game/bg.o
[40/51] Building C object CMakeFiles/3rd-strike.dir/src/Game/SYS_sub.o
[41/51] Building C object CMakeFiles/3rd-strike.dir/src/port/sound/emlShim.o
[42/51] Building C object CMakeFiles/3rd-strike.dir/src/port/sound/spu.o
[43/51] Building C object CMakeFiles/3rd-strike.dir/src/Game/sound/sound3rd.o
[44/51] Building C object CMakeFiles/3rd-strike.dir/src/Game/OPENING.o
[45/51] Building C object CMakeFiles/3rd-strike.dir/src/Game/sel_pl.o
[46/51] Building C object CMakeFiles/3rd-strike.dir/src/Game/MTRANS.o
[47/51] Building C object CMakeFiles/3rd-strike.dir/src/Game/sc_sub.o
[48/51] Building C object CMakeFiles/3rd-strike.dir/src/Game/menu.o
[49/51] Linking C executable 3rd-strike.elf
[50/51] Generating 3rd-strike.smdh
[51/51] Building 3DSX executable target 3rd-strike_3dsx
